
*** Running vivado
    with args -log design_1_zed_audio_ctrl_0_0.vds -m64 -product Vivado -mode batch -messageDb vivado.pb -notrace -source design_1_zed_audio_ctrl_0_0.tcl



****** Vivado v2020.2 (64-bit)
  **** SW Build 3064766 on Wed Nov 18 09:12:45 MST 2020
  **** IP Build 3064653 on Wed Nov 18 14:17:31 MST 2020
    ** Copyright 1986-2020 Xilinx, Inc. All Rights Reserved.

source design_1_zed_audio_ctrl_0_0.tcl -notrace
INFO: [IP_Flow 19-234] Refreshing IP repositories
INFO: [IP_Flow 19-1700] Loaded user IP repository 'c:/Users/minji/Desktop/audiomixer_zed/design/audiomixer_design/ip_repo/zed_audio_ctrl'.
INFO: [IP_Flow 19-2313] Loaded Vivado IP repository 'C:/Xilinx/Vivado/2020.2/data/ip'.
WARNING: [IP_Flow 19-4995] The host OS only allows 260 characters in a normal path. The IP cache path is more than 80 characters. If you experience issues with IP caching, please consider changing the IP cache to a location with a shorter path. Alternately consider using the OS subst command to map part of the path to a drive letter. 
Current IP cache path is c:/Users/minji/Desktop/audiomixer_zed/design/audiomixer_design/audiomixer_design.cache/ip 
Command: synth_design -top design_1_zed_audio_ctrl_0_0 -part xc7z020clg484-1 -mode out_of_context
Starting synth_design
Attempting to get a license for feature 'Synthesis' and/or device 'xc7z020'
INFO: [Common 17-349] Got license for feature 'Synthesis' and/or device 'xc7z020'
INFO: [Device 21-403] Loading part xc7z020clg484-1
INFO: [Synth 8-7079] Multithreading enabled for synth_design using a maximum of 2 processes.
INFO: [Synth 8-7078] Launching helper process for spawning children vivado processes
INFO: [Synth 8-7075] Helper process launched with PID 20100
---------------------------------------------------------------------------------
Starting RTL Elaboration : Time (s): cpu = 00:00:09 ; elapsed = 00:00:09 . Memory (MB): peak = 1103.238 ; gain = 0.000
---------------------------------------------------------------------------------
INFO: [Synth 8-638] synthesizing module 'design_1_zed_audio_ctrl_0_0' [c:/Users/minji/Desktop/audiomixer_zed/design/audiomixer_design/audiomixer_design.gen/sources_1/bd/design_1/ip/design_1_zed_audio_ctrl_0_0/synth/design_1_zed_audio_ctrl_0_0.vhd:87]
	Parameter C_S_AXI_DATA_WIDTH bound to: 32 - type: integer 
	Parameter C_S_AXI_ADDR_WIDTH bound to: 32 - type: integer 
	Parameter C_S_AXI_MIN_SIZE bound to: 32'b00000000000000000000000111111111 
	Parameter C_USE_WSTRB bound to: 0 - type: integer 
	Parameter C_DPHASE_TIMEOUT bound to: 8 - type: integer 
	Parameter C_BASEADDR bound to: 32'b11111111111111111111111111111111 
	Parameter C_HIGHADDR bound to: 32'b00000000000000000000000000000000 
	Parameter C_FAMILY bound to: zynq - type: string 
	Parameter C_NUM_REG bound to: 1 - type: integer 
	Parameter C_NUM_MEM bound to: 1 - type: integer 
	Parameter C_SLV_AWIDTH bound to: 32 - type: integer 
	Parameter C_SLV_DWIDTH bound to: 32 - type: integer 
INFO: [Synth 8-3491] module 'i2s_ctrl' declared at 'c:/Users/minji/Desktop/audiomixer_zed/design/audiomixer_design/audiomixer_design.gen/sources_1/bd/design_1/ipshared/1288/zed_audio_ctrl.srcs/sources_1/imports/i2s_audio/i2s_ctrl.vhd:105' bound to instance 'U0' of component 'i2s_ctrl' [c:/Users/minji/Desktop/audiomixer_zed/design/audiomixer_design/audiomixer_design.gen/sources_1/bd/design_1/ip/design_1_zed_audio_ctrl_0_0/synth/design_1_zed_audio_ctrl_0_0.vhd:163]
INFO: [Synth 8-638] synthesizing module 'i2s_ctrl' [c:/Users/minji/Desktop/audiomixer_zed/design/audiomixer_design/audiomixer_design.gen/sources_1/bd/design_1/ipshared/1288/zed_audio_ctrl.srcs/sources_1/imports/i2s_audio/i2s_ctrl.vhd:173]
	Parameter C_S_AXI_DATA_WIDTH bound to: 32 - type: integer 
	Parameter C_S_AXI_ADDR_WIDTH bound to: 32 - type: integer 
	Parameter C_S_AXI_MIN_SIZE bound to: 511 - type: integer 
	Parameter C_USE_WSTRB bound to: 0 - type: integer 
	Parameter C_DPHASE_TIMEOUT bound to: 8 - type: integer 
	Parameter C_BASEADDR bound to: -1 - type: integer 
	Parameter C_HIGHADDR bound to: 0 - type: integer 
	Parameter C_FAMILY bound to: zynq - type: string 
	Parameter C_NUM_REG bound to: 1 - type: integer 
	Parameter C_NUM_MEM bound to: 1 - type: integer 
	Parameter C_SLV_AWIDTH bound to: 32 - type: integer 
	Parameter C_SLV_DWIDTH bound to: 32 - type: integer 
INFO: [Synth 8-638] synthesizing module 'axi_lite_ipif' [c:/Users/minji/Desktop/audiomixer_zed/design/audiomixer_design/audiomixer_design.gen/sources_1/bd/design_1/ipshared/1288/zed_audio_ctrl.srcs/sources_1/imports/i2s_audio/axi_lite_ipif.vhd:240]
	Parameter C_S_AXI_DATA_WIDTH bound to: 32 - type: integer 
	Parameter C_S_AXI_ADDR_WIDTH bound to: 32 - type: integer 
	Parameter C_S_AXI_MIN_SIZE bound to: 511 - type: integer 
	Parameter C_USE_WSTRB bound to: 0 - type: integer 
	Parameter C_DPHASE_TIMEOUT bound to: 8 - type: integer 
	Parameter C_ARD_ADDR_RANGE_ARRAY bound to: 128'b00000000000000000000000000000000111111111111111111111111111111110000000000000000000000000000000000000000000000000000000000000000 
	Parameter C_ARD_NUM_CE_ARRAY bound to: 32'b00000000000000000000000000000101 
	Parameter C_FAMILY bound to: zynq - type: string 
INFO: [Synth 8-638] synthesizing module 'slave_attachment' [c:/Users/minji/Desktop/audiomixer_zed/design/audiomixer_design/audiomixer_design.gen/sources_1/bd/design_1/ipshared/1288/zed_audio_ctrl.srcs/sources_1/imports/i2s_audio/slave_attachment.vhd:226]
	Parameter C_ARD_ADDR_RANGE_ARRAY bound to: 128'b00000000000000000000000000000000111111111111111111111111111111110000000000000000000000000000000000000000000000000000000000000000 
	Parameter C_ARD_NUM_CE_ARRAY bound to: 32'b00000000000000000000000000000101 
	Parameter C_IPIF_ABUS_WIDTH bound to: 32 - type: integer 
	Parameter C_IPIF_DBUS_WIDTH bound to: 32 - type: integer 
	Parameter C_S_AXI_MIN_SIZE bound to: 511 - type: integer 
	Parameter C_USE_WSTRB bound to: 0 - type: integer 
	Parameter C_DPHASE_TIMEOUT bound to: 8 - type: integer 
	Parameter C_FAMILY bound to: zynq - type: string 
INFO: [Synth 8-638] synthesizing module 'address_decoder' [c:/Users/minji/Desktop/audiomixer_zed/design/audiomixer_design/audiomixer_design.gen/sources_1/bd/design_1/ipshared/1288/zed_audio_ctrl.srcs/sources_1/imports/i2s_audio/address_decoder.vhd:176]
	Parameter C_BUS_AWIDTH bound to: 9 - type: integer 
	Parameter C_S_AXI_MIN_SIZE bound to: 511 - type: integer 
	Parameter C_ARD_ADDR_RANGE_ARRAY bound to: 128'b00000000000000000000000000000000111111111111111111111111111111110000000000000000000000000000000000000000000000000000000000000000 
	Parameter C_ARD_NUM_CE_ARRAY bound to: 32'b00000000000000000000000000000101 
	Parameter C_FAMILY bound to: nofamily - type: string 
INFO: [Synth 8-638] synthesizing module 'pselect_f' [c:/Users/minji/Desktop/audiomixer_zed/design/audiomixer_design/audiomixer_design.gen/sources_1/bd/design_1/ipshared/1288/zed_audio_ctrl.srcs/sources_1/imports/i2s_audio/pselect_f.vhd:165]
	Parameter C_AB bound to: 3 - type: integer 
	Parameter C_AW bound to: 3 - type: integer 
	Parameter C_BAR bound to: 3'b000 
	Parameter C_FAMILY bound to: nofamily - type: string 
INFO: [Synth 8-256] done synthesizing module 'pselect_f' (1#1) [c:/Users/minji/Desktop/audiomixer_zed/design/audiomixer_design/audiomixer_design.gen/sources_1/bd/design_1/ipshared/1288/zed_audio_ctrl.srcs/sources_1/imports/i2s_audio/pselect_f.vhd:165]
INFO: [Synth 8-638] synthesizing module 'pselect_f__parameterized0' [c:/Users/minji/Desktop/audiomixer_zed/design/audiomixer_design/audiomixer_design.gen/sources_1/bd/design_1/ipshared/1288/zed_audio_ctrl.srcs/sources_1/imports/i2s_audio/pselect_f.vhd:165]
	Parameter C_AB bound to: 3 - type: integer 
	Parameter C_AW bound to: 3 - type: integer 
	Parameter C_BAR bound to: 3'b001 
	Parameter C_FAMILY bound to: nofamily - type: string 
INFO: [Synth 8-256] done synthesizing module 'pselect_f__parameterized0' (1#1) [c:/Users/minji/Desktop/audiomixer_zed/design/audiomixer_design/audiomixer_design.gen/sources_1/bd/design_1/ipshared/1288/zed_audio_ctrl.srcs/sources_1/imports/i2s_audio/pselect_f.vhd:165]
INFO: [Synth 8-638] synthesizing module 'pselect_f__parameterized1' [c:/Users/minji/Desktop/audiomixer_zed/design/audiomixer_design/audiomixer_design.gen/sources_1/bd/design_1/ipshared/1288/zed_audio_ctrl.srcs/sources_1/imports/i2s_audio/pselect_f.vhd:165]
	Parameter C_AB bound to: 3 - type: integer 
	Parameter C_AW bound to: 3 - type: integer 
	Parameter C_BAR bound to: 3'b010 
	Parameter C_FAMILY bound to: nofamily - type: string 
INFO: [Synth 8-256] done synthesizing module 'pselect_f__parameterized1' (1#1) [c:/Users/minji/Desktop/audiomixer_zed/design/audiomixer_design/audiomixer_design.gen/sources_1/bd/design_1/ipshared/1288/zed_audio_ctrl.srcs/sources_1/imports/i2s_audio/pselect_f.vhd:165]
INFO: [Synth 8-638] synthesizing module 'pselect_f__parameterized2' [c:/Users/minji/Desktop/audiomixer_zed/design/audiomixer_design/audiomixer_design.gen/sources_1/bd/design_1/ipshared/1288/zed_audio_ctrl.srcs/sources_1/imports/i2s_audio/pselect_f.vhd:165]
	Parameter C_AB bound to: 3 - type: integer 
	Parameter C_AW bound to: 3 - type: integer 
	Parameter C_BAR bound to: 3'b011 
	Parameter C_FAMILY bound to: nofamily - type: string 
INFO: [Synth 8-256] done synthesizing module 'pselect_f__parameterized2' (1#1) [c:/Users/minji/Desktop/audiomixer_zed/design/audiomixer_design/audiomixer_design.gen/sources_1/bd/design_1/ipshared/1288/zed_audio_ctrl.srcs/sources_1/imports/i2s_audio/pselect_f.vhd:165]
INFO: [Synth 8-638] synthesizing module 'pselect_f__parameterized3' [c:/Users/minji/Desktop/audiomixer_zed/design/audiomixer_design/audiomixer_design.gen/sources_1/bd/design_1/ipshared/1288/zed_audio_ctrl.srcs/sources_1/imports/i2s_audio/pselect_f.vhd:165]
	Parameter C_AB bound to: 3 - type: integer 
	Parameter C_AW bound to: 3 - type: integer 
	Parameter C_BAR bound to: 3'b100 
	Parameter C_FAMILY bound to: nofamily - type: string 
INFO: [Synth 8-256] done synthesizing module 'pselect_f__parameterized3' (1#1) [c:/Users/minji/Desktop/audiomixer_zed/design/audiomixer_design/audiomixer_design.gen/sources_1/bd/design_1/ipshared/1288/zed_audio_ctrl.srcs/sources_1/imports/i2s_audio/pselect_f.vhd:165]
INFO: [Synth 8-256] done synthesizing module 'address_decoder' (2#1) [c:/Users/minji/Desktop/audiomixer_zed/design/audiomixer_design/audiomixer_design.gen/sources_1/bd/design_1/ipshared/1288/zed_audio_ctrl.srcs/sources_1/imports/i2s_audio/address_decoder.vhd:176]
INFO: [Synth 8-226] default block is never used [c:/Users/minji/Desktop/audiomixer_zed/design/audiomixer_design/audiomixer_design.gen/sources_1/bd/design_1/ipshared/1288/zed_audio_ctrl.srcs/sources_1/imports/i2s_audio/slave_attachment.vhd:379]
INFO: [Synth 8-256] done synthesizing module 'slave_attachment' (3#1) [c:/Users/minji/Desktop/audiomixer_zed/design/audiomixer_design/audiomixer_design.gen/sources_1/bd/design_1/ipshared/1288/zed_audio_ctrl.srcs/sources_1/imports/i2s_audio/slave_attachment.vhd:226]
INFO: [Synth 8-256] done synthesizing module 'axi_lite_ipif' (4#1) [c:/Users/minji/Desktop/audiomixer_zed/design/audiomixer_design/audiomixer_design.gen/sources_1/bd/design_1/ipshared/1288/zed_audio_ctrl.srcs/sources_1/imports/i2s_audio/axi_lite_ipif.vhd:240]
INFO: [Synth 8-638] synthesizing module 'user_logic' [c:/Users/minji/Desktop/audiomixer_zed/design/audiomixer_design/audiomixer_design.gen/sources_1/bd/design_1/ipshared/1288/zed_audio_ctrl.srcs/sources_1/imports/i2s_audio/user_logic.vhd:130]
	Parameter C_NUM_REG bound to: 5 - type: integer 
	Parameter C_SLV_DWIDTH bound to: 32 - type: integer 
INFO: [Synth 8-3491] module 'iis_deser' declared at 'c:/Users/minji/Desktop/audiomixer_zed/design/audiomixer_design/audiomixer_design.gen/sources_1/bd/design_1/ipshared/1288/zed_audio_ctrl.srcs/sources_1/imports/i2s_audio/iis_deser.vhd:24' bound to instance 'Inst_iis_deser' of component 'iis_deser' [c:/Users/minji/Desktop/audiomixer_zed/design/audiomixer_design/audiomixer_design.gen/sources_1/bd/design_1/ipshared/1288/zed_audio_ctrl.srcs/sources_1/imports/i2s_audio/user_logic.vhd:205]
INFO: [Synth 8-638] synthesizing module 'iis_deser' [c:/Users/minji/Desktop/audiomixer_zed/design/audiomixer_design/audiomixer_design.gen/sources_1/bd/design_1/ipshared/1288/zed_audio_ctrl.srcs/sources_1/imports/i2s_audio/iis_deser.vhd:35]
INFO: [Synth 8-256] done synthesizing module 'iis_deser' (5#1) [c:/Users/minji/Desktop/audiomixer_zed/design/audiomixer_design/audiomixer_design.gen/sources_1/bd/design_1/ipshared/1288/zed_audio_ctrl.srcs/sources_1/imports/i2s_audio/iis_deser.vhd:35]
INFO: [Synth 8-3491] module 'iis_ser' declared at 'c:/Users/minji/Desktop/audiomixer_zed/design/audiomixer_design/audiomixer_design.gen/sources_1/bd/design_1/ipshared/1288/zed_audio_ctrl.srcs/sources_1/imports/i2s_audio/iis_ser.vhd:24' bound to instance 'Inst_iis_ser' of component 'iis_ser' [c:/Users/minji/Desktop/audiomixer_zed/design/audiomixer_design/audiomixer_design.gen/sources_1/bd/design_1/ipshared/1288/zed_audio_ctrl.srcs/sources_1/imports/i2s_audio/user_logic.vhd:226]
INFO: [Synth 8-638] synthesizing module 'iis_ser' [c:/Users/minji/Desktop/audiomixer_zed/design/audiomixer_design/audiomixer_design.gen/sources_1/bd/design_1/ipshared/1288/zed_audio_ctrl.srcs/sources_1/imports/i2s_audio/iis_ser.vhd:34]
INFO: [Synth 8-256] done synthesizing module 'iis_ser' (6#1) [c:/Users/minji/Desktop/audiomixer_zed/design/audiomixer_design/audiomixer_design.gen/sources_1/bd/design_1/ipshared/1288/zed_audio_ctrl.srcs/sources_1/imports/i2s_audio/iis_ser.vhd:34]
INFO: [Synth 8-256] done synthesizing module 'user_logic' (7#1) [c:/Users/minji/Desktop/audiomixer_zed/design/audiomixer_design/audiomixer_design.gen/sources_1/bd/design_1/ipshared/1288/zed_audio_ctrl.srcs/sources_1/imports/i2s_audio/user_logic.vhd:130]
INFO: [Synth 8-256] done synthesizing module 'i2s_ctrl' (8#1) [c:/Users/minji/Desktop/audiomixer_zed/design/audiomixer_design/audiomixer_design.gen/sources_1/bd/design_1/ipshared/1288/zed_audio_ctrl.srcs/sources_1/imports/i2s_audio/i2s_ctrl.vhd:173]
INFO: [Synth 8-256] done synthesizing module 'design_1_zed_audio_ctrl_0_0' (9#1) [c:/Users/minji/Desktop/audiomixer_zed/design/audiomixer_design/audiomixer_design.gen/sources_1/bd/design_1/ip/design_1_zed_audio_ctrl_0_0/synth/design_1_zed_audio_ctrl_0_0.vhd:87]
---------------------------------------------------------------------------------
Finished RTL Elaboration : Time (s): cpu = 00:00:12 ; elapsed = 00:00:13 . Memory (MB): peak = 1127.664 ; gain = 24.426
---------------------------------------------------------------------------------
---------------------------------------------------------------------------------
Start Handling Custom Attributes
---------------------------------------------------------------------------------
---------------------------------------------------------------------------------
Finished Handling Custom Attributes : Time (s): cpu = 00:00:13 ; elapsed = 00:00:14 . Memory (MB): peak = 1127.664 ; gain = 24.426
---------------------------------------------------------------------------------
---------------------------------------------------------------------------------
Finished RTL Optimization Phase 1 : Time (s): cpu = 00:00:13 ; elapsed = 00:00:14 . Memory (MB): peak = 1127.664 ; gain = 24.426
---------------------------------------------------------------------------------
Netlist sorting complete. Time (s): cpu = 00:00:00 ; elapsed = 00:00:00.032 . Memory (MB): peak = 1127.664 ; gain = 0.000
INFO: [Project 1-570] Preparing netlist for logic optimization

Processing XDC Constraints
Initializing timing engine
Completed Processing XDC Constraints

Netlist sorting complete. Time (s): cpu = 00:00:00 ; elapsed = 00:00:00 . Memory (MB): peak = 1204.504 ; gain = 0.000
INFO: [Project 1-111] Unisim Transformation Summary:
No Unisim elements were transformed.

Constraint Validation Runtime : Time (s): cpu = 00:00:00 ; elapsed = 00:00:00.054 . Memory (MB): peak = 1204.543 ; gain = 0.039
---------------------------------------------------------------------------------
Finished Constraint Validation : Time (s): cpu = 00:00:24 ; elapsed = 00:00:25 . Memory (MB): peak = 1204.543 ; gain = 101.305
---------------------------------------------------------------------------------
---------------------------------------------------------------------------------
Start Loading Part and Timing Information
---------------------------------------------------------------------------------
Loading part: xc7z020clg484-1
---------------------------------------------------------------------------------
Finished Loading Part and Timing Information : Time (s): cpu = 00:00:24 ; elapsed = 00:00:25 . Memory (MB): peak = 1204.543 ; gain = 101.305
---------------------------------------------------------------------------------
---------------------------------------------------------------------------------
Start Applying 'set_property' XDC Constraints
---------------------------------------------------------------------------------
---------------------------------------------------------------------------------
Finished applying 'set_property' XDC Constraints : Time (s): cpu = 00:00:24 ; elapsed = 00:00:25 . Memory (MB): peak = 1204.543 ; gain = 101.305
---------------------------------------------------------------------------------
INFO: [Synth 8-802] inferred FSM for state register 'state_reg' in module 'slave_attachment'
INFO: [Synth 8-802] inferred FSM for state register 'iis_state_reg' in module 'iis_deser'
INFO: [Synth 8-802] inferred FSM for state register 'iis_state_reg' in module 'iis_ser'
---------------------------------------------------------------------------------------------------
                   State |                     New Encoding |                Previous Encoding 
---------------------------------------------------------------------------------------------------
                 sm_idle |                             0010 |                               00
                 sm_read |                             1000 |                               01
                sm_write |                             0100 |                               10
                 sm_resp |                             0001 |                               11
---------------------------------------------------------------------------------------------------
INFO: [Synth 8-3354] encoded FSM with state register 'state_reg' using encoding 'one-hot' in module 'slave_attachment'
---------------------------------------------------------------------------------------------------
                   State |                     New Encoding |                Previous Encoding 
---------------------------------------------------------------------------------------------------
                   reset |                          0000001 |                              000
               wait_left |                          0000100 |                              001
               skip_left |                          1000000 |                              010
               read_left |                          0100000 |                              011
              wait_right |                          0010000 |                              100
              skip_right |                          0001000 |                              101
              read_right |                          0000010 |                              110
---------------------------------------------------------------------------------------------------
INFO: [Synth 8-3354] encoded FSM with state register 'iis_state_reg' using encoding 'one-hot' in module 'iis_deser'
---------------------------------------------------------------------------------------------------
                   State |                     New Encoding |                Previous Encoding 
---------------------------------------------------------------------------------------------------
                   reset |                            00001 |                              000
               wait_left |                            00100 |                              001
              write_left |                            10000 |                              010
              wait_right |                            01000 |                              011
             write_right |                            00010 |                              100
---------------------------------------------------------------------------------------------------
INFO: [Synth 8-3354] encoded FSM with state register 'iis_state_reg' using encoding 'one-hot' in module 'iis_ser'
---------------------------------------------------------------------------------
Finished RTL Optimization Phase 2 : Time (s): cpu = 00:00:25 ; elapsed = 00:00:26 . Memory (MB): peak = 1204.543 ; gain = 101.305
---------------------------------------------------------------------------------
---------------------------------------------------------------------------------
Start RTL Component Statistics 
---------------------------------------------------------------------------------
Detailed RTL Component Info : 
+---Adders : 
	   2 Input   11 Bit       Adders := 1     
	   2 Input    5 Bit       Adders := 2     
	   2 Input    4 Bit       Adders := 1     
+---Registers : 
	               32 Bit    Registers := 3     
	               24 Bit    Registers := 6     
	               11 Bit    Registers := 1     
	                5 Bit    Registers := 2     
	                4 Bit    Registers := 1     
	                2 Bit    Registers := 2     
	                1 Bit    Registers := 16    
+---Muxes : 
	   2 Input   32 Bit        Muxes := 3     
	   4 Input   32 Bit        Muxes := 2     
	   2 Input   24 Bit        Muxes := 2     
	   2 Input    9 Bit        Muxes := 1     
	   7 Input    7 Bit        Muxes := 1     
	   2 Input    7 Bit        Muxes := 6     
	   5 Input    5 Bit        Muxes := 1     
	   2 Input    5 Bit        Muxes := 4     
	   4 Input    4 Bit        Muxes := 1     
	   2 Input    4 Bit        Muxes := 5     
	   2 Input    2 Bit        Muxes := 2     
	   2 Input    1 Bit        Muxes := 21    
	   7 Input    1 Bit        Muxes := 1     
	   5 Input    1 Bit        Muxes := 1     
	   4 Input    1 Bit        Muxes := 2     
---------------------------------------------------------------------------------
Finished RTL Component Statistics 
---------------------------------------------------------------------------------
---------------------------------------------------------------------------------
Start Part Resource Summary
---------------------------------------------------------------------------------
Part Resources:
DSPs: 220 (col length:60)
BRAMs: 280 (col length: RAMB18 60 RAMB36 30)
---------------------------------------------------------------------------------
Finished Part Resource Summary
---------------------------------------------------------------------------------
---------------------------------------------------------------------------------
Start Cross Boundary and Area Optimization
---------------------------------------------------------------------------------
---------------------------------------------------------------------------------
Finished Cross Boundary and Area Optimization : Time (s): cpu = 00:00:29 ; elapsed = 00:00:31 . Memory (MB): peak = 1204.543 ; gain = 101.305
---------------------------------------------------------------------------------
---------------------------------------------------------------------------------
Start Applying XDC Timing Constraints
---------------------------------------------------------------------------------
---------------------------------------------------------------------------------
Finished Applying XDC Timing Constraints : Time (s): cpu = 00:00:40 ; elapsed = 00:00:43 . Memory (MB): peak = 1204.543 ; gain = 101.305
---------------------------------------------------------------------------------
---------------------------------------------------------------------------------
Start Timing Optimization
---------------------------------------------------------------------------------
---------------------------------------------------------------------------------
Finished Timing Optimization : Time (s): cpu = 00:00:40 ; elapsed = 00:00:43 . Memory (MB): peak = 1204.543 ; gain = 101.305
---------------------------------------------------------------------------------
---------------------------------------------------------------------------------
Start Technology Mapping
---------------------------------------------------------------------------------
---------------------------------------------------------------------------------
Finished Technology Mapping : Time (s): cpu = 00:00:41 ; elapsed = 00:00:43 . Memory (MB): peak = 1210.117 ; gain = 106.879
---------------------------------------------------------------------------------
---------------------------------------------------------------------------------
Start IO Insertion
---------------------------------------------------------------------------------
---------------------------------------------------------------------------------
Start Flattening Before IO Insertion
---------------------------------------------------------------------------------
---------------------------------------------------------------------------------
Finished Flattening Before IO Insertion
---------------------------------------------------------------------------------
---------------------------------------------------------------------------------
Start Final Netlist Cleanup
---------------------------------------------------------------------------------
---------------------------------------------------------------------------------
Finished Final Netlist Cleanup
---------------------------------------------------------------------------------
---------------------------------------------------------------------------------
Finished IO Insertion : Time (s): cpu = 00:00:49 ; elapsed = 00:00:52 . Memory (MB): peak = 1217.617 ; gain = 114.379
---------------------------------------------------------------------------------
---------------------------------------------------------------------------------
Start Renaming Generated Instances
---------------------------------------------------------------------------------
---------------------------------------------------------------------------------
Finished Renaming Generated Instances : Time (s): cpu = 00:00:49 ; elapsed = 00:00:52 . Memory (MB): peak = 1217.617 ; gain = 114.379
---------------------------------------------------------------------------------
---------------------------------------------------------------------------------
Start Rebuilding User Hierarchy
---------------------------------------------------------------------------------
---------------------------------------------------------------------------------
Finished Rebuilding User Hierarchy : Time (s): cpu = 00:00:49 ; elapsed = 00:00:52 . Memory (MB): peak = 1217.617 ; gain = 114.379
---------------------------------------------------------------------------------
---------------------------------------------------------------------------------
Start Renaming Generated Ports
---------------------------------------------------------------------------------
---------------------------------------------------------------------------------
Finished Renaming Generated Ports : Time (s): cpu = 00:00:49 ; elapsed = 00:00:52 . Memory (MB): peak = 1217.617 ; gain = 114.379
---------------------------------------------------------------------------------
---------------------------------------------------------------------------------
Start Handling Custom Attributes
---------------------------------------------------------------------------------
---------------------------------------------------------------------------------
Finished Handling Custom Attributes : Time (s): cpu = 00:00:49 ; elapsed = 00:00:52 . Memory (MB): peak = 1217.617 ; gain = 114.379
---------------------------------------------------------------------------------
---------------------------------------------------------------------------------
Start Renaming Generated Nets
---------------------------------------------------------------------------------
---------------------------------------------------------------------------------
Finished Renaming Generated Nets : Time (s): cpu = 00:00:49 ; elapsed = 00:00:52 . Memory (MB): peak = 1217.617 ; gain = 114.379
---------------------------------------------------------------------------------
---------------------------------------------------------------------------------
Start Writing Synthesis Report
---------------------------------------------------------------------------------

Report BlackBoxes: 
+-+--------------+----------+
| |BlackBox name |Instances |
+-+--------------+----------+
+-+--------------+----------+

Report Cell Usage: 
+------+-----+------+
|      |Cell |Count |
+------+-----+------+
|1     |LUT1 |     5|
|2     |LUT2 |    17|
|3     |LUT3 |    14|
|4     |LUT4 |    11|
|5     |LUT5 |    82|
|6     |LUT6 |    59|
|7     |FDRE |   293|
|8     |FDSE |     1|
+------+-----+------+
---------------------------------------------------------------------------------
Finished Writing Synthesis Report : Time (s): cpu = 00:00:49 ; elapsed = 00:00:52 . Memory (MB): peak = 1217.617 ; gain = 114.379
---------------------------------------------------------------------------------
Synthesis finished with 0 errors, 0 critical warnings and 0 warnings.
Synthesis Optimization Runtime : Time (s): cpu = 00:00:32 ; elapsed = 00:00:48 . Memory (MB): peak = 1217.617 ; gain = 37.500
Synthesis Optimization Complete : Time (s): cpu = 00:00:49 ; elapsed = 00:00:52 . Memory (MB): peak = 1217.617 ; gain = 114.379
INFO: [Project 1-571] Translating synthesized netlist
Netlist sorting complete. Time (s): cpu = 00:00:00 ; elapsed = 00:00:00.025 . Memory (MB): peak = 1223.246 ; gain = 0.000
INFO: [Project 1-570] Preparing netlist for logic optimization
INFO: [Opt 31-138] Pushed 0 inverter(s) to 0 load pin(s).
Netlist sorting complete. Time (s): cpu = 00:00:00 ; elapsed = 00:00:00 . Memory (MB): peak = 1236.508 ; gain = 0.000
INFO: [Project 1-111] Unisim Transformation Summary:
No Unisim elements were transformed.

INFO: [Common 17-83] Releasing license: Synthesis
51 Infos, 1 Warnings, 0 Critical Warnings and 0 Errors encountered.
synth_design completed successfully
synth_design: Time (s): cpu = 00:01:00 ; elapsed = 00:01:07 . Memory (MB): peak = 1236.508 ; gain = 133.270
INFO: [Common 17-1381] The checkpoint 'C:/Users/minji/Desktop/audiomixer_zed/design/audiomixer_design/audiomixer_design.runs/design_1_zed_audio_ctrl_0_0_synth_1/design_1_zed_audio_ctrl_0_0.dcp' has been generated.
WARNING: [Common 17-576] 'use_project_ipc' is deprecated. This option is deprecated and no longer used.
INFO: [Coretcl 2-1648] Added synthesis output to IP cache for IP design_1_zed_audio_ctrl_0_0, cache-ID = 18d13fff1c8b684f
INFO: [Coretcl 2-1174] Renamed 7 cell refs.
INFO: [Common 17-1381] The checkpoint 'C:/Users/minji/Desktop/audiomixer_zed/design/audiomixer_design/audiomixer_design.runs/design_1_zed_audio_ctrl_0_0_synth_1/design_1_zed_audio_ctrl_0_0.dcp' has been generated.
INFO: [runtcl-4] Executing : report_utilization -file design_1_zed_audio_ctrl_0_0_utilization_synth.rpt -pb design_1_zed_audio_ctrl_0_0_utilization_synth.pb
INFO: [Common 17-206] Exiting Vivado at Mon Aug  1 16:05:55 2022...
